 
   Tea Version    1.200
       MPI Version
    OpenMP Version
   Task Count      1
 Thread Count:     1
 
 Tea will run from the following input:-
 
*tea                                                                                                
!Input state                                                                                        
state 1 density=100.0 energy=0.0001                                                                 
state 2 density=0.1 energy=25.0 geometry=cuboid xmin=1.0 xmax=2.0 ymin=1.0 ymax=2.0 zmin=0.0 zmax=1.
state 3 density=0.1 energy=0.1 geometry=cuboid xmin=1.0 xmax=2.0 ymin=1.0 ymax=2.0 zmin=1.0 zmax=6.0
state 4 density=0.1 energy=0.1 geometry=cuboid xmin=2.0 xmax=6.0 ymin=1.0 ymax=2.0 zmin=5.0 zmax=6.0
state 5 density=0.1 energy=0.1 geometry=cuboid xmin=5.0 xmax=6.0 ymin=1.0 ymax=8.0 zmin=5.0 zmax=6.0
state 6 density=0.1 energy=0.1 geometry=cuboid xmin=5.0 xmax=9.0 ymin=7.0 ymax=8.0 zmin=5.0 zmax=6.0
state 7 density=0.1 energy=0.1 geometry=cuboid xmin=8.0 xmax=9.0 ymin=7.0 ymax=8.0 zmin=5.0 zmax=10.
                                                                                                    
! Grid information                                                                                  
x_cells=125                                                                                         
y_cells=125                                                                                         
z_cells=125                                                                                         
xmin=0.0                                                                                            
ymin=0.0                                                                                            
zmin=0.0                                                                                            
xmax=10.0                                                                                           
ymax=10.0                                                                                           
zmax=10.0                                                                                           
                                                                                                    
! Timestep and solver info                                                                          
initial_timestep=0.004                                                                              
end_step=10                                                                                         
tl_max_iters=10000                                                                                  
test_problem 2                                                                                      
                                                                                                    
use_trilinos                                                                                        
!tl_use_cg                                                                                          
!tl_preconditioner_type = none                                                                      
                                                                                                    
tl_eps=1.0e-15                                                                                      
!visit_frequency=1                                                                                  
                                                                                                    
*tea                                                                                                
 
 Initialising and generating
 
 Reading input file
 
 Reading specification for state            1
 
            state density   0.1000E+03
             state energy   0.1000E-03
 
 Reading specification for state            2
 
            state density   0.1000E+00
             state energy   0.2500E+02
 state geometry rectangular
               state xmin   0.1000E+01
               state xmax   0.2000E+01
               state ymin   0.1000E+01
               state ymax   0.2000E+01
               state zmin   0.0000E+00
               state zmax   0.1000E+01
 
 Reading specification for state            3
 
            state density   0.1000E+00
             state energy   0.1000E+00
 state geometry rectangular
               state xmin   0.1000E+01
               state xmax   0.2000E+01
               state ymin   0.1000E+01
               state ymax   0.2000E+01
               state zmin   0.1000E+01
               state zmax   0.6000E+01
 
 Reading specification for state            4
 
            state density   0.1000E+00
             state energy   0.1000E+00
 state geometry rectangular
               state xmin   0.2000E+01
               state xmax   0.6000E+01
               state ymin   0.1000E+01
               state ymax   0.2000E+01
               state zmin   0.5000E+01
               state zmax   0.6000E+01
 
 Reading specification for state            5
 
            state density   0.1000E+00
             state energy   0.1000E+00
 state geometry rectangular
               state xmin   0.5000E+01
               state xmax   0.6000E+01
               state ymin   0.1000E+01
               state ymax   0.8000E+01
               state zmin   0.5000E+01
               state zmax   0.6000E+01
 
 Reading specification for state            6
 
            state density   0.1000E+00
             state energy   0.1000E+00
 state geometry rectangular
               state xmin   0.5000E+01
               state xmax   0.9000E+01
               state ymin   0.7000E+01
               state ymax   0.8000E+01
               state zmin   0.5000E+01
               state zmax   0.6000E+01
 
 Reading specification for state            7
 
            state density   0.1000E+00
             state energy   0.1000E+00
 state geometry rectangular
               state xmin   0.8000E+01
               state xmax   0.9000E+01
               state ymin   0.7000E+01
               state ymax   0.8000E+01
               state zmin   0.5000E+01
               state zmax   0.1000E+02
 
                   x_cells         125
                   y_cells         125
                   z_cells         125
                      xmin  0.0000E+00
                      ymin  0.0000E+00
                      zmin  0.0000E+00
                      xmax  0.1000E+02
                      ymax  0.1000E+02
                      zmax  0.1000E+02
         initial_timestep   0.4000E-02
                  end_step          10
              test_problem           2
       tl_ppcg_inner_steps          24
 
 Using Fortran Kernels
 
 Input read finished.
 
 Setting up initial geometry
 
 
 Decomposing the mesh into            1  by            1  by            1  chunk
 s
 
 Generating chunks
 
 Problem initialised and generated
 
 Time   0.000000000000000E+000
                                 Volume                      Mass                   Density                    Energy                         U
 step:      0   0.99999999998185979E+03   0.97510485607707626E+05   0.97510485609476490E+02   0.12585456640369737E+02   0.97536340171152392E+03
 
 Starting the calculation
 Step       1 time   0.0000000 timestep   4.00E-03
 Wall clock    6.99416518211365     
 Average time per cell   4.476265716552734E-004
 Step time per cell      4.476265716552734E-004
 Step       2 time   0.0040000 timestep   4.00E-03
 Wall clock    13.8013150691986     
 Average time per cell   4.416420822143555E-004
 Step time per cell      4.356531829833984E-004
 Step       3 time   0.0080000 timestep   4.00E-03
 Wall clock    20.6101071834564     
 Average time per cell   4.396822865804037E-004
 Step time per cell      4.357580871582031E-004
 Step       4 time   0.0120000 timestep   4.00E-03
 Wall clock    27.3316969871521     
 Average time per cell   4.373071517944336E-004
 Step time per cell      4.301794433593750E-004
 Step       5 time   0.0160000 timestep   4.00E-03
 Wall clock    34.1038792133331     
 Average time per cell   4.365296539306641E-004
 Step time per cell      4.334173583984375E-004
 Step       6 time   0.0200000 timestep   4.00E-03
 Wall clock    40.4831759929657     
 Average time per cell   4.318205439249674E-004
 Step time per cell      4.082727661132813E-004
 Step       7 time   0.0240000 timestep   4.00E-03
 Wall clock    46.8795101642609     
 Average time per cell   4.286126643589564E-004
 Step time per cell      4.093629455566406E-004
 Step       8 time   0.0280000 timestep   4.00E-03
 Wall clock    53.1018540859222     
 Average time per cell   4.248148326873780E-004
 Step time per cell      3.982276458740234E-004
 Step       9 time   0.0320000 timestep   4.00E-03
 Wall clock    58.9810400009155     
 Average time per cell   4.194207288953993E-004
 Step time per cell      3.762655944824219E-004
 Step      10 time   0.0360000 timestep   4.00E-03
 
 Time   4.000000000000001E-002
                                 Volume                      Mass                   Density                    Energy                         U
 step:     10   0.99999999998185979E+03   0.97510485607707626E+05   0.97510485609476490E+02   0.12585456640366324E+02   0.10390046623629362E+04
 
 Wall clock    64.7367691993713     
 Average time per cell   4.143153228759766E-004
 Step time per cell      3.683643493652344E-004
 
 Time   4.000000000000001E-002
                                 Volume                      Mass                   Density                    Energy                         U
 step:     10   0.99999999998185979E+03   0.97510485607707626E+05   0.97510485609476490E+02   0.12585456640366324E+02   0.10390046623629362E+04
 
Test problem   2 is within   0.1620251E-08% of the expected solution
 This test is considered PASSED
 
 Calculation complete
 Tea is finishing
 First step overhead  0.187084197998047     
 Wall clock    64.7412362098694     
